c:\users\user\desktop\project_dg_lz-master\project\server\project1\debug\vc120.pdb
c:\users\user\desktop\project_dg_lz-master\project\server\project1\debug\vc120.idb
c:\users\user\desktop\project_dg_lz-master\project\server\project1\debug\database.obj
c:\users\user\desktop\project_dg_lz-master\project\server\project1\debug\helper.obj
c:\users\user\desktop\project_dg_lz-master\project\server\project1\debug\main.obj
c:\users\user\desktop\project_dg_lz-master\project\server\project1\debug\serverclass.obj
c:\users\user\desktop\project_dg_lz-master\project\server\project1\debug\sqlite3.obj
c:\users\user\desktop\project_dg_lz-master\project\server\project1\debug\user.obj
c:\users\user\desktop\project_dg_lz-master\project_dg_lz\project\server\project1\debug\vc120.pdb
c:\users\user\desktop\project_dg_lz-master\project_dg_lz\project\server\project1\debug\vc120.idb
c:\users\user\desktop\project_dg_lz-master\project_dg_lz\project\server\project1\debug\database.obj
c:\users\user\desktop\project_dg_lz-master\project_dg_lz\project\server\project1\debug\helper.obj
c:\users\user\desktop\project_dg_lz-master\project_dg_lz\project\server\project1\debug\main.obj
c:\users\user\desktop\project_dg_lz-master\project_dg_lz\project\server\project1\debug\serverclass.obj
c:\users\user\desktop\project_dg_lz-master\project_dg_lz\project\server\project1\debug\user.obj
c:\users\user\desktop\project_dg_lz-master\project_dg_lz\project\server\project1\debug\sqlite3.obj
c:\users\user\desktop\project_dg_lz-master\project\server\debug\project1.ilk
c:\users\user\desktop\project_dg_lz-master\project\server\debug\project1.exe
c:\users\user\desktop\project_dg_lz-master\project\server\debug\project1.pdb
c:\users\user\desktop\project_dg_lz-master\project_dg_lz\project\server\debug\project1.ilk
c:\users\user\desktop\project_dg_lz-master\project_dg_lz\project\server\debug\project1.exe
c:\users\user\desktop\project_dg_lz-master\project_dg_lz\project\server\debug\project1.pdb
c:\users\user\desktop\project_dg_lz-master\project_dg_lz\project\server\project1\debug\project1.tlog\cl.command.1.tlog
c:\users\user\desktop\project_dg_lz-master\project_dg_lz\project\server\project1\debug\project1.tlog\cl.read.1.tlog
c:\users\user\desktop\project_dg_lz-master\project_dg_lz\project\server\project1\debug\project1.tlog\cl.write.1.tlog
c:\users\user\desktop\project_dg_lz-master\project_dg_lz\project\server\project1\debug\project1.tlog\link.command.1.tlog
c:\users\user\desktop\project_dg_lz-master\project_dg_lz\project\server\project1\debug\project1.tlog\link.read.1.tlog
c:\users\user\desktop\project_dg_lz-master\project_dg_lz\project\server\project1\debug\project1.tlog\link.write.1.tlog
